[debug] [2023-10-02T19:45:50.755Z] ----------------------------------------------------------------------
[debug] [2023-10-02T19:45:50.757Z] Command:       C:\Program Files\nodejs\node.exe C:\Users\mirandm1\AppData\Roaming\npm\node_modules\firebase-tools\lib\bin\firebase.js init hosting
[debug] [2023-10-02T19:45:50.757Z] CLI Version:   12.5.4
[debug] [2023-10-02T19:45:50.757Z] Platform:      win32
[debug] [2023-10-02T19:45:50.757Z] Node Version:  v18.18.0
[debug] [2023-10-02T19:45:50.758Z] Time:          Mon Oct 02 2023 15:45:50 GMT-0400 (Eastern Daylight Time)
[debug] [2023-10-02T19:45:50.759Z] ----------------------------------------------------------------------
[debug] 
[debug] [2023-10-02T19:45:50.766Z] > command requires scopes: ["email","openid","https://www.googleapis.com/auth/cloudplatformprojects.readonly","https://www.googleapis.com/auth/firebase","https://www.googleapis.com/auth/cloud-platform"]
[debug] [2023-10-02T19:45:50.767Z] > authorizing via signed-in user (marisela3205@gmail.com)
[info] 
     ######## #### ########  ######## ########     ###     ######  ########
     ##        ##  ##     ## ##       ##     ##  ##   ##  ##       ##
     ######    ##  ########  ######   ########  #########  ######  ######
     ##        ##  ##    ##  ##       ##     ## ##     ##       ## ##
     ##       #### ##     ## ######## ########  ##     ##  ######  ########

You're about to initialize a Firebase project in this directory:

  C:\Github\CSSE280 - Web Development\Web-Development

Before we get started, keep in mind:

  * You are currently outside your home directory

[debug] [2023-10-11T18:57:33.227Z] ----------------------------------------------------------------------
[debug] [2023-10-11T18:57:33.232Z] Command:       C:\Program Files\nodejs\node.exe C:\Users\mirandm1\AppData\Roaming\npm\node_modules\firebase-tools\lib\bin\firebase.js init hosting
[debug] [2023-10-11T18:57:33.233Z] CLI Version:   12.5.4
[debug] [2023-10-11T18:57:33.233Z] Platform:      win32
[debug] [2023-10-11T18:57:33.234Z] Node Version:  v18.18.0
[debug] [2023-10-11T18:57:33.236Z] Time:          Wed Oct 11 2023 14:57:33 GMT-0400 (Eastern Daylight Time)
[debug] [2023-10-11T18:57:33.236Z] ----------------------------------------------------------------------
[debug] 
[debug] [2023-10-11T18:57:33.244Z] >>> [apiv2][query] GET https://firebase-public.firebaseio.com/cli.json [none]
[debug] [2023-10-11T18:57:33.337Z] > command requires scopes: ["email","openid","https://www.googleapis.com/auth/cloudplatformprojects.readonly","https://www.googleapis.com/auth/firebase","https://www.googleapis.com/auth/cloud-platform"]
[debug] [2023-10-11T18:57:33.337Z] > authorizing via signed-in user (marisela3205@gmail.com)
[info] 
     ######## #### ########  ######## ########     ###     ######  ########
     ##        ##  ##     ## ##       ##     ##  ##   ##  ##       ##
     ######    ##  ########  ######   ########  #########  ######  ######
     ##        ##  ##    ##  ##       ##     ## ##     ##       ## ##
     ##       #### ##     ## ######## ########  ##     ##  ######  ########

You're about to initialize a Firebase project in this directory:

  C:\Github\CSSE280 - Web Development\Web-Development

Before we get started, keep in mind:

  * You are currently outside your home directory

[debug] [2023-10-11T18:57:35.145Z] <<< [apiv2][status] GET https://firebase-public.firebaseio.com/cli.json 200
[debug] [2023-10-11T18:57:35.146Z] <<< [apiv2][body] GET https://firebase-public.firebaseio.com/cli.json {"cloudBuildErrorAfter":1594252800000,"cloudBuildWarnAfter":1590019200000,"defaultNode10After":1594252800000,"minVersion":"3.0.5","node8DeploysDisabledAfter":1613390400000,"node8RuntimeDisabledAfter":1615809600000,"node8WarnAfter":1600128000000}
